2010-02-16 22:21:21 (EST)	2 Warning	filemtime() [<a href='function.filemtime'>function.filemtime</a>]: stat failed for D:/wamp/wwwdossier.gif	File: tinybrowser.php	Line: 108	
2010-02-16 22:21:21 (EST)	2 Warning	filesize() [<a href='function.filesize'>function.filesize</a>]: stat failed for D:/wamp/wwwdossier.gif	File: tinybrowser.php	Line: 109	
2010-02-16 22:21:21 (EST)	2 Warning	getimagesize(D:/wamp/wwwdossier.gif) [<a href='function.getimagesize'>function.getimagesize</a>]: failed to open stream: No such file or directory	File: tinybrowser.php	Line: 112	
2010-02-16 22:21:21 (EST)	2 Warning	filemtime() [<a href='function.filemtime'>function.filemtime</a>]: stat failed for D:/wamp/wwwlogo_i.gif	File: tinybrowser.php	Line: 108	
2010-02-16 22:21:21 (EST)	2 Warning	filesize() [<a href='function.filesize'>function.filesize</a>]: stat failed for D:/wamp/wwwlogo_i.gif	File: tinybrowser.php	Line: 109	
2010-02-16 22:21:21 (EST)	2 Warning	getimagesize(D:/wamp/wwwlogo_i.gif) [<a href='function.getimagesize'>function.getimagesize</a>]: failed to open stream: No such file or directory	File: tinybrowser.php	Line: 112	
2010-02-16 22:21:30 (EST)	2 Warning	filemtime() [<a href='function.filemtime'>function.filemtime</a>]: stat failed for D:/wamp/wwwdossier.gif	File: tinybrowser.php	Line: 108	
2010-02-16 22:21:30 (EST)	2 Warning	filesize() [<a href='function.filesize'>function.filesize</a>]: stat failed for D:/wamp/wwwdossier.gif	File: tinybrowser.php	Line: 109	
2010-02-16 22:21:30 (EST)	2 Warning	getimagesize(D:/wamp/wwwdossier.gif) [<a href='function.getimagesize'>function.getimagesize</a>]: failed to open stream: No such file or directory	File: tinybrowser.php	Line: 112	
2010-02-16 22:21:30 (EST)	2 Warning	filemtime() [<a href='function.filemtime'>function.filemtime</a>]: stat failed for D:/wamp/wwwlogo_i.gif	File: tinybrowser.php	Line: 108	
2010-02-16 22:21:30 (EST)	2 Warning	filesize() [<a href='function.filesize'>function.filesize</a>]: stat failed for D:/wamp/wwwlogo_i.gif	File: tinybrowser.php	Line: 109	
2010-02-16 22:21:30 (EST)	2 Warning	getimagesize(D:/wamp/wwwlogo_i.gif) [<a href='function.getimagesize'>function.getimagesize</a>]: failed to open stream: No such file or directory	File: tinybrowser.php	Line: 112	
2010-02-16 22:21:45 (EST)	2 Warning	rename(D:/wamp/wwwme.jpg_,D:/wamp/wwwme.jpg) [<a href='function.rename'>function.rename</a>]: No such file or directory	File: upload_process.php	Line: 41	
2010-02-16 22:21:45 (EST)	2 Warning	getimagesize(D:/wamp/wwwme.jpg) [<a href='function.getimagesize'>function.getimagesize</a>]: failed to open stream: No such file or directory	File: upload_process.php	Line: 48	
2010-02-16 22:21:45 (EST)	2 Warning	unlink(D:/wamp/wwwme.jpg) [<a href='function.unlink'>function.unlink</a>]: No such file or directory	File: upload_process.php	Line: 49	
2010-02-16 22:21:48 (EST)	2 Warning	filemtime() [<a href='function.filemtime'>function.filemtime</a>]: stat failed for D:/wamp/wwwdossier.gif	File: tinybrowser.php	Line: 108	
2010-02-16 22:21:48 (EST)	2 Warning	filesize() [<a href='function.filesize'>function.filesize</a>]: stat failed for D:/wamp/wwwdossier.gif	File: tinybrowser.php	Line: 109	
2010-02-16 22:21:48 (EST)	2 Warning	getimagesize(D:/wamp/wwwdossier.gif) [<a href='function.getimagesize'>function.getimagesize</a>]: failed to open stream: No such file or directory	File: tinybrowser.php	Line: 112	
2010-02-16 22:21:48 (EST)	2 Warning	filemtime() [<a href='function.filemtime'>function.filemtime</a>]: stat failed for D:/wamp/wwwlogo_i.gif	File: tinybrowser.php	Line: 108	
2010-02-16 22:21:48 (EST)	2 Warning	filesize() [<a href='function.filesize'>function.filesize</a>]: stat failed for D:/wamp/wwwlogo_i.gif	File: tinybrowser.php	Line: 109	
2010-02-16 22:21:48 (EST)	2 Warning	getimagesize(D:/wamp/wwwlogo_i.gif) [<a href='function.getimagesize'>function.getimagesize</a>]: failed to open stream: No such file or directory	File: tinybrowser.php	Line: 112	
2010-02-16 22:21:53 (EST)	2 Warning	filemtime() [<a href='function.filemtime'>function.filemtime</a>]: stat failed for D:/wamp/wwwdossier.gif	File: tinybrowser.php	Line: 108	
2010-02-16 22:21:53 (EST)	2 Warning	filesize() [<a href='function.filesize'>function.filesize</a>]: stat failed for D:/wamp/wwwdossier.gif	File: tinybrowser.php	Line: 109	
2010-02-16 22:21:53 (EST)	2 Warning	getimagesize(D:/wamp/wwwdossier.gif) [<a href='function.getimagesize'>function.getimagesize</a>]: failed to open stream: No such file or directory	File: tinybrowser.php	Line: 112	
2010-02-16 22:21:53 (EST)	2 Warning	filemtime() [<a href='function.filemtime'>function.filemtime</a>]: stat failed for D:/wamp/wwwlogo_i.gif	File: tinybrowser.php	Line: 108	
2010-02-16 22:21:53 (EST)	2 Warning	filesize() [<a href='function.filesize'>function.filesize</a>]: stat failed for D:/wamp/wwwlogo_i.gif	File: tinybrowser.php	Line: 109	
2010-02-16 22:21:53 (EST)	2 Warning	getimagesize(D:/wamp/wwwlogo_i.gif) [<a href='function.getimagesize'>function.getimagesize</a>]: failed to open stream: No such file or directory	File: tinybrowser.php	Line: 112	
2010-02-16 22:22:21 (EST)	2 Warning	filemtime() [<a href='function.filemtime'>function.filemtime</a>]: stat failed for D:/wamp/wwwdossier.gif	File: tinybrowser.php	Line: 108	
2010-02-16 22:22:21 (EST)	2 Warning	filesize() [<a href='function.filesize'>function.filesize</a>]: stat failed for D:/wamp/wwwdossier.gif	File: tinybrowser.php	Line: 109	
2010-02-16 22:22:21 (EST)	2 Warning	getimagesize(D:/wamp/wwwdossier.gif) [<a href='function.getimagesize'>function.getimagesize</a>]: failed to open stream: No such file or directory	File: tinybrowser.php	Line: 112	
2010-02-16 22:22:21 (EST)	2 Warning	filemtime() [<a href='function.filemtime'>function.filemtime</a>]: stat failed for D:/wamp/wwwlogo_i.gif	File: tinybrowser.php	Line: 108	
2010-02-16 22:22:21 (EST)	2 Warning	filesize() [<a href='function.filesize'>function.filesize</a>]: stat failed for D:/wamp/wwwlogo_i.gif	File: tinybrowser.php	Line: 109	
2010-02-16 22:22:21 (EST)	2 Warning	getimagesize(D:/wamp/wwwlogo_i.gif) [<a href='function.getimagesize'>function.getimagesize</a>]: failed to open stream: No such file or directory	File: tinybrowser.php	Line: 112	
2010-02-16 22:22:53 (EST)	2 Warning	filemtime() [<a href='function.filemtime'>function.filemtime</a>]: stat failed for D:/wamp/wwwdossier.gif	File: tinybrowser.php	Line: 108	
2010-02-16 22:22:53 (EST)	2 Warning	filesize() [<a href='function.filesize'>function.filesize</a>]: stat failed for D:/wamp/wwwdossier.gif	File: tinybrowser.php	Line: 109	
2010-02-16 22:22:53 (EST)	2 Warning	getimagesize(D:/wamp/wwwdossier.gif) [<a href='function.getimagesize'>function.getimagesize</a>]: failed to open stream: No such file or directory	File: tinybrowser.php	Line: 112	
2010-02-16 22:22:54 (EST)	2 Warning	filemtime() [<a href='function.filemtime'>function.filemtime</a>]: stat failed for D:/wamp/wwwlogo_i.gif	File: tinybrowser.php	Line: 108	
2010-02-16 22:22:54 (EST)	2 Warning	filesize() [<a href='function.filesize'>function.filesize</a>]: stat failed for D:/wamp/wwwlogo_i.gif	File: tinybrowser.php	Line: 109	
2010-02-16 22:22:54 (EST)	2 Warning	getimagesize(D:/wamp/wwwlogo_i.gif) [<a href='function.getimagesize'>function.getimagesize</a>]: failed to open stream: No such file or directory	File: tinybrowser.php	Line: 112	
2010-02-16 22:22:56 (EST)	2 Warning	filemtime() [<a href='function.filemtime'>function.filemtime</a>]: stat failed for D:/wamp/wwwdossier.gif	File: edit.php	Line: 262	
2010-02-16 22:22:56 (EST)	2 Warning	filesize() [<a href='function.filesize'>function.filesize</a>]: stat failed for D:/wamp/wwwdossier.gif	File: edit.php	Line: 263	
2010-02-16 22:22:56 (EST)	2 Warning	getimagesize(D:/wamp/wwwdossier.gif) [<a href='function.getimagesize'>function.getimagesize</a>]: failed to open stream: No such file or directory	File: edit.php	Line: 266	
2010-02-16 22:22:56 (EST)	2 Warning	filemtime() [<a href='function.filemtime'>function.filemtime</a>]: stat failed for D:/wamp/wwwlogo_i.gif	File: edit.php	Line: 262	
2010-02-16 22:22:56 (EST)	2 Warning	filesize() [<a href='function.filesize'>function.filesize</a>]: stat failed for D:/wamp/wwwlogo_i.gif	File: edit.php	Line: 263	
2010-02-16 22:22:56 (EST)	2 Warning	getimagesize(D:/wamp/wwwlogo_i.gif) [<a href='function.getimagesize'>function.getimagesize</a>]: failed to open stream: No such file or directory	File: edit.php	Line: 266	
2010-02-16 22:23:00 (EST)	2 Warning	filemtime() [<a href='function.filemtime'>function.filemtime</a>]: stat failed for D:/wamp/wwwdossier.gif	File: edit.php	Line: 262	
2010-02-16 22:23:00 (EST)	2 Warning	filesize() [<a href='function.filesize'>function.filesize</a>]: stat failed for D:/wamp/wwwdossier.gif	File: edit.php	Line: 263	
2010-02-16 22:23:00 (EST)	2 Warning	getimagesize(D:/wamp/wwwdossier.gif) [<a href='function.getimagesize'>function.getimagesize</a>]: failed to open stream: No such file or directory	File: edit.php	Line: 266	
2010-02-16 22:23:00 (EST)	2 Warning	filemtime() [<a href='function.filemtime'>function.filemtime</a>]: stat failed for D:/wamp/wwwlogo_i.gif	File: edit.php	Line: 262	
2010-02-16 22:23:00 (EST)	2 Warning	filesize() [<a href='function.filesize'>function.filesize</a>]: stat failed for D:/wamp/wwwlogo_i.gif	File: edit.php	Line: 263	
2010-02-16 22:23:00 (EST)	2 Warning	getimagesize(D:/wamp/wwwlogo_i.gif) [<a href='function.getimagesize'>function.getimagesize</a>]: failed to open stream: No such file or directory	File: edit.php	Line: 266	
2010-02-16 22:23:43 (EST)	2 Warning	filemtime() [<a href='function.filemtime'>function.filemtime</a>]: stat failed for D:/wamp/wwwdossier.gif	File: tinybrowser.php	Line: 108	
2010-02-16 22:23:43 (EST)	2 Warning	filesize() [<a href='function.filesize'>function.filesize</a>]: stat failed for D:/wamp/wwwdossier.gif	File: tinybrowser.php	Line: 109	
2010-02-16 22:23:43 (EST)	2 Warning	getimagesize(D:/wamp/wwwdossier.gif) [<a href='function.getimagesize'>function.getimagesize</a>]: failed to open stream: No such file or directory	File: tinybrowser.php	Line: 112	
2010-02-16 22:23:43 (EST)	2 Warning	filemtime() [<a href='function.filemtime'>function.filemtime</a>]: stat failed for D:/wamp/wwwlogo_i.gif	File: tinybrowser.php	Line: 108	
2010-02-16 22:23:43 (EST)	2 Warning	filesize() [<a href='function.filesize'>function.filesize</a>]: stat failed for D:/wamp/wwwlogo_i.gif	File: tinybrowser.php	Line: 109	
2010-02-16 22:23:43 (EST)	2 Warning	getimagesize(D:/wamp/wwwlogo_i.gif) [<a href='function.getimagesize'>function.getimagesize</a>]: failed to open stream: No such file or directory	File: tinybrowser.php	Line: 112	
2010-02-16 22:23:54 (EST)	2 Warning	filemtime() [<a href='function.filemtime'>function.filemtime</a>]: stat failed for D:/wamp/wwwdossier.gif	File: edit.php	Line: 262	
2010-02-16 22:23:54 (EST)	2 Warning	filesize() [<a href='function.filesize'>function.filesize</a>]: stat failed for D:/wamp/wwwdossier.gif	File: edit.php	Line: 263	
2010-02-16 22:23:54 (EST)	2 Warning	getimagesize(D:/wamp/wwwdossier.gif) [<a href='function.getimagesize'>function.getimagesize</a>]: failed to open stream: No such file or directory	File: edit.php	Line: 266	
2010-02-16 22:23:54 (EST)	2 Warning	filemtime() [<a href='function.filemtime'>function.filemtime</a>]: stat failed for D:/wamp/wwwlogo_i.gif	File: edit.php	Line: 262	
2010-02-16 22:23:54 (EST)	2 Warning	filesize() [<a href='function.filesize'>function.filesize</a>]: stat failed for D:/wamp/wwwlogo_i.gif	File: edit.php	Line: 263	
2010-02-16 22:23:54 (EST)	2 Warning	getimagesize(D:/wamp/wwwlogo_i.gif) [<a href='function.getimagesize'>function.getimagesize</a>]: failed to open stream: No such file or directory	File: edit.php	Line: 266	
2010-02-16 22:24:05 (EST)	2 Warning	filemtime() [<a href='function.filemtime'>function.filemtime</a>]: stat failed for D:/wamp/wwwdossier.gif	File: edit.php	Line: 262	
2010-02-16 22:24:05 (EST)	2 Warning	filesize() [<a href='function.filesize'>function.filesize</a>]: stat failed for D:/wamp/wwwdossier.gif	File: edit.php	Line: 263	
2010-02-16 22:24:05 (EST)	2 Warning	getimagesize(D:/wamp/wwwdossier.gif) [<a href='function.getimagesize'>function.getimagesize</a>]: failed to open stream: No such file or directory	File: edit.php	Line: 266	
2010-02-16 22:24:05 (EST)	2 Warning	filemtime() [<a href='function.filemtime'>function.filemtime</a>]: stat failed for D:/wamp/wwwlogo_i.gif	File: edit.php	Line: 262	
2010-02-16 22:24:05 (EST)	2 Warning	filesize() [<a href='function.filesize'>function.filesize</a>]: stat failed for D:/wamp/wwwlogo_i.gif	File: edit.php	Line: 263	
2010-02-16 22:24:05 (EST)	2 Warning	getimagesize(D:/wamp/wwwlogo_i.gif) [<a href='function.getimagesize'>function.getimagesize</a>]: failed to open stream: No such file or directory	File: edit.php	Line: 266	
2010-02-16 22:24:17 (EST)	2 Warning	filemtime() [<a href='function.filemtime'>function.filemtime</a>]: stat failed for D:/wamp/wwwdossier.gif	File: edit.php	Line: 262	
2010-02-16 22:24:17 (EST)	2 Warning	filesize() [<a href='function.filesize'>function.filesize</a>]: stat failed for D:/wamp/wwwdossier.gif	File: edit.php	Line: 263	
2010-02-16 22:24:17 (EST)	2 Warning	getimagesize(D:/wamp/wwwdossier.gif) [<a href='function.getimagesize'>function.getimagesize</a>]: failed to open stream: No such file or directory	File: edit.php	Line: 266	
2010-02-16 22:24:17 (EST)	2 Warning	filemtime() [<a href='function.filemtime'>function.filemtime</a>]: stat failed for D:/wamp/wwwlogo_i.gif	File: edit.php	Line: 262	
2010-02-16 22:24:17 (EST)	2 Warning	filesize() [<a href='function.filesize'>function.filesize</a>]: stat failed for D:/wamp/wwwlogo_i.gif	File: edit.php	Line: 263	
2010-02-16 22:24:17 (EST)	2 Warning	getimagesize(D:/wamp/wwwlogo_i.gif) [<a href='function.getimagesize'>function.getimagesize</a>]: failed to open stream: No such file or directory	File: edit.php	Line: 266	
2010-02-16 22:31:54 (EST)	2 Warning	opendir(D:/wamp/www/_myLibrary/wysiwyg/_js/tiny_mce/plugins/tinybrowser/upload.php_uploads/images/) [<a href='function.opendir'>function.opendir</a>]: failed to open dir: No error	File: fns_tinybrowser.php	Line: 363	
2010-02-16 22:31:54 (EST)	2 Warning	readdir(): supplied argument is not a valid Directory resource	File: fns_tinybrowser.php	Line: 364	
2010-02-16 22:31:54 (EST)	2 Warning	closedir(): supplied argument is not a valid Directory resource	File: fns_tinybrowser.php	Line: 380	
2010-02-16 22:32:09 (EST)	8 Notice	Undefined variable: success	File: upload_file.php	Line: 35	
2010-02-16 22:32:09 (EST)	8 Notice	Undefined variable: success	File: upload_file.php	Line: 35	
2010-02-16 22:32:09 (EST)	8 Notice	Undefined variable: success	File: upload_file.php	Line: 35	
2010-02-16 22:32:09 (EST)	2 Warning	opendir(D:/wamp/www/_myLibrary/wysiwyg/_js/tiny_mce/plugins/tinybrowser/upload.php_uploads/images/) [<a href='function.opendir'>function.opendir</a>]: failed to open dir: No error	File: upload_process.php	Line: 21	
2010-02-16 22:32:09 (EST)	2 Warning	opendir(D:/wamp/www/_myLibrary/wysiwyg/_js/tiny_mce/plugins/tinybrowser/upload.php_uploads/images/) [<a href='function.opendir'>function.opendir</a>]: failed to open dir: No error	File: fns_tinybrowser.php	Line: 363	
2010-02-16 22:32:09 (EST)	2 Warning	readdir(): supplied argument is not a valid Directory resource	File: fns_tinybrowser.php	Line: 364	
2010-02-16 22:32:09 (EST)	2 Warning	closedir(): supplied argument is not a valid Directory resource	File: fns_tinybrowser.php	Line: 380	
2010-02-16 22:37:15 (EST)	2 Warning	opendir(D:/wamp/www/_myLibrary/wysiwyg/_js/tiny_mce/plugins/tinybrowser/upload.php_uploads/images/) [<a href='function.opendir'>function.opendir</a>]: failed to open dir: No error	File: fns_tinybrowser.php	Line: 363	
2010-02-16 22:37:15 (EST)	2 Warning	readdir(): supplied argument is not a valid Directory resource	File: fns_tinybrowser.php	Line: 364	
2010-02-16 22:37:15 (EST)	2 Warning	closedir(): supplied argument is not a valid Directory resource	File: fns_tinybrowser.php	Line: 380	
2010-02-16 22:37:22 (EST)	8 Notice	Undefined variable: success	File: upload_file.php	Line: 35	
2010-02-16 22:37:22 (EST)	2 Warning	opendir(D:/wamp/www/_myLibrary/wysiwyg/_js/tiny_mce/plugins/tinybrowser/upload.php_uploads/images/) [<a href='function.opendir'>function.opendir</a>]: failed to open dir: No error	File: upload_process.php	Line: 21	
2010-02-16 22:37:22 (EST)	2 Warning	opendir(D:/wamp/www/_myLibrary/wysiwyg/_js/tiny_mce/plugins/tinybrowser/upload.php_uploads/images/) [<a href='function.opendir'>function.opendir</a>]: failed to open dir: No error	File: fns_tinybrowser.php	Line: 363	
2010-02-16 22:37:22 (EST)	2 Warning	readdir(): supplied argument is not a valid Directory resource	File: fns_tinybrowser.php	Line: 364	
2010-02-16 22:37:22 (EST)	2 Warning	closedir(): supplied argument is not a valid Directory resource	File: fns_tinybrowser.php	Line: 380	
2010-02-16 22:39:51 (EST)	2 Warning	opendir(D:/wamp/www/_myLibrary/wysiwyg/_js/tiny_mce/plugins/tinybrowser/upload.php_uploads/images/) [<a href='function.opendir'>function.opendir</a>]: failed to open dir: No error	File: fns_tinybrowser.php	Line: 363	
2010-02-16 22:39:51 (EST)	2 Warning	readdir(): supplied argument is not a valid Directory resource	File: fns_tinybrowser.php	Line: 364	
2010-02-16 22:39:51 (EST)	2 Warning	closedir(): supplied argument is not a valid Directory resource	File: fns_tinybrowser.php	Line: 380	
2010-02-16 22:39:56 (EST)	8 Notice	Undefined variable: success	File: upload_file.php	Line: 35	
2010-02-16 22:39:56 (EST)	2 Warning	opendir(D:/wamp/www/_myLibrary/wysiwyg/_js/tiny_mce/plugins/tinybrowser/upload.php_uploads/images/) [<a href='function.opendir'>function.opendir</a>]: failed to open dir: No error	File: upload_process.php	Line: 21	
2010-02-16 22:39:56 (EST)	2 Warning	opendir(D:/wamp/www/_myLibrary/wysiwyg/_js/tiny_mce/plugins/tinybrowser/upload.php_uploads/images/) [<a href='function.opendir'>function.opendir</a>]: failed to open dir: No error	File: fns_tinybrowser.php	Line: 363	
2010-02-16 22:39:56 (EST)	2 Warning	readdir(): supplied argument is not a valid Directory resource	File: fns_tinybrowser.php	Line: 364	
2010-02-16 22:39:56 (EST)	2 Warning	closedir(): supplied argument is not a valid Directory resource	File: fns_tinybrowser.php	Line: 380	
